<?xml version="1.0" encoding="UTF-8"?>
<!-- Generated by org.testng.reporters.JUnitReportReporter -->
<testsuite skipped="0" hostname="DESKTOP-U08CU62" name="remoteTestin.DockerValidatio.startDocker" tests="1" failures="0" timestamp="2020-02-07T15:52:21 EET" time="19.373" errors="0">
  <testcase name="startFile" time="19.373" classname="remoteTestin.DockerValidatio.startDocker"/>
</testsuite> <!-- remoteTestin.DockerValidatio.startDocker -->
