<?xml version="1.0" encoding="UTF-8"?>
<!-- Generated by org.testng.reporters.JUnitReportReporter -->
<testsuite skipped="0" hostname="DESKTOP-U08CU62" name="remoteTestin.DockerValidatio.chromeTest2" tests="1" failures="0" timestamp="2020-04-14T07:22:41 EET" time="44.782" errors="0">
  <testcase name="test2" time="44.782" classname="remoteTestin.DockerValidatio.chromeTest2"/>
</testsuite> <!-- remoteTestin.DockerValidatio.chromeTest2 -->
