<?xml version="1.0" encoding="UTF-8"?>
<!-- Generated by org.testng.reporters.JUnitReportReporter -->
<testsuite skipped="0" hostname="DESKTOP-U08CU62" name="remoteTestin.DockerValidatio.chromeTest3" tests="1" failures="0" timestamp="2020-02-07T16:45:45 EET" time="20.197" errors="0">
  <testcase name="test3" time="20.197" classname="remoteTestin.DockerValidatio.chromeTest3"/>
</testsuite> <!-- remoteTestin.DockerValidatio.chromeTest3 -->
