<?xml version="1.0" encoding="UTF-8"?>
<!-- Generated by org.testng.reporters.JUnitReportReporter -->
<testsuite skipped="0" hostname="DESKTOP-U08CU62" name="com.crxmarkets.dev.qa2.OnboardingTests" tests="2" failures="0" timestamp="08 мая 2020 03:35:20 GMT" time="63.181" errors="0">
  <testcase name="verifyManageOnboardingPage" time="32.844" classname="com.crxmarkets.dev.qa2.OnboardingTests"/>
  <testcase name="searchingCrxActionRequired" time="30.337" classname="com.crxmarkets.dev.qa2.OnboardingTests"/>
</testsuite> <!-- com.crxmarkets.dev.qa2.OnboardingTests -->
