<?xml version="1.0" encoding="UTF-8"?>
<!-- Generated by org.testng.reporters.JUnitReportReporter -->
<testsuite hostname="DESKTOP-U08CU62" failures="0" tests="1" name="com.herokuapp.theinternet.PositiveTests" time="12.030" errors="0" timestamp="27 апр. 2020 08:38:27 GMT" skipped="0">
  <testcase classname="com.herokuapp.theinternet.PositiveTests" name="logInTest" time="12.030"/>
</testsuite> <!-- com.herokuapp.theinternet.PositiveTests -->
