<?xml version="1.0" encoding="UTF-8"?>
<!-- Generated by org.testng.reporters.JUnitReportReporter -->
<testsuite skipped="0" hostname="DESKTOP-U08CU62" name="com.crxmarkets.dev.qa2.uploadtests.UploadTests" tests="2" failures="0" timestamp="12 мая 2020 04:14:58 GMT" time="58.692" errors="0">
  <testcase name="UploadSupplierProposalTest" time="30.106" classname="com.crxmarkets.dev.qa2.uploadtests.UploadTests"/>
  <testcase name="UploadSupplierProposalTest" time="28.586" classname="com.crxmarkets.dev.qa2.uploadtests.UploadTests"/>
</testsuite> <!-- com.crxmarkets.dev.qa2.uploadtests.UploadTests -->
