<?xml version="1.0" encoding="UTF-8"?>
<!-- Generated by org.testng.reporters.JUnitReportReporter -->
<testsuite skipped="0" hostname="DESKTOP-U08CU62" name="com.crxmarkets.dev.qa2.OnboardingTests" tests="2" failures="0" timestamp="17 мая 2020 04:38:48 GMT" time="34.189" errors="0">
  <testcase name="searchingCrxActionRequired" time="14.551" classname="com.crxmarkets.dev.qa2.OnboardingTests"/>
  <testcase name="verifyManageOnboardingPage" time="19.638" classname="com.crxmarkets.dev.qa2.OnboardingTests"/>
</testsuite> <!-- com.crxmarkets.dev.qa2.OnboardingTests -->
