<?xml version="1.0" encoding="UTF-8"?>
<!-- Generated by org.testng.reporters.JUnitReportReporter -->
<testsuite skipped="0" hostname="DESKTOP-U08CU62" name="com.crxmarkets.dev.qa2.loginpagetests.LoginTests" tests="1" failures="0" timestamp="17 мая 2020 03:09:36 GMT" time="14.074" errors="0">
  <testcase name="PositiveLoginTest" time="14.074" classname="com.crxmarkets.dev.qa2.loginpagetests.LoginTests"/>
</testsuite> <!-- com.crxmarkets.dev.qa2.loginpagetests.LoginTests -->
