<?xml version="1.0" encoding="UTF-8"?>
<!-- Generated by org.testng.reporters.JUnitReportReporter -->
<testsuite skipped="0" hostname="DESKTOP-U08CU62" name="com.crxmarkets.dev.qa2.OnboardingTests" tests="2" failures="0" timestamp="10 мая 2020 07:39:52 GMT" time="53.277" errors="0">
  <testcase name="searchingCrxActionRequired" time="24.409" classname="com.crxmarkets.dev.qa2.OnboardingTests"/>
  <testcase name="verifyManageOnboardingPage" time="28.868" classname="com.crxmarkets.dev.qa2.OnboardingTests"/>
</testsuite> <!-- com.crxmarkets.dev.qa2.OnboardingTests -->
