<?xml version="1.0" encoding="UTF-8"?>
<!-- Generated by org.testng.reporters.JUnitReportReporter -->
<testsuite skipped="0" hostname="DESKTOP-U08CU62" name="com.crxmarkets.dev.qa2.AuctionBundlingTests" tests="1" failures="0" timestamp="07 мая 2020 05:53:03 GMT" time="17.274" errors="0">
  <testcase name="settingPlannedAuctionDateToToday" time="17.274" classname="com.crxmarkets.dev.qa2.AuctionBundlingTests"/>
</testsuite> <!-- com.crxmarkets.dev.qa2.AuctionBundlingTests -->
