<?xml version="1.0" encoding="UTF-8"?>
<!-- Generated by org.testng.reporters.JUnitReportReporter -->
<testsuite skipped="0" hostname="DESKTOP-U08CU62" name="com.crxmarkets.dev.qa2.PositiveTests" tests="1" failures="0" timestamp="2020-04-23T06:45:12 EET" time="17.123" errors="0">
  <testcase name="loginTest" time="17.123" classname="com.crxmarkets.dev.qa2.PositiveTests"/>
  <system-out/>
</testsuite> <!-- com.crxmarkets.dev.qa2.PositiveTests -->
