<?xml version="1.0" encoding="UTF-8"?>
<!-- Generated by org.testng.reporters.JUnitReportReporter -->
<testsuite skipped="0" hostname="DESKTOP-U08CU62" name="com.crxmarkets.dev.qa2.loginpagetests.LoginTests" tests="4" failures="0" timestamp="01 мая 2020 04:23:12 GMT" time="56.974" errors="0">
  <testcase name="negativeLoginTest" time="13.934" classname="com.crxmarkets.dev.qa2.loginpagetests.LoginTests"/>
  <testcase name="negativeLoginTest" time="14.180" classname="com.crxmarkets.dev.qa2.loginpagetests.LoginTests"/>
  <testcase name="negativeLoginTest" time="14.193" classname="com.crxmarkets.dev.qa2.loginpagetests.LoginTests"/>
  <testcase name="negativeLoginTest" time="14.667" classname="com.crxmarkets.dev.qa2.loginpagetests.LoginTests"/>
</testsuite> <!-- com.crxmarkets.dev.qa2.loginpagetests.LoginTests -->
