<?xml version="1.0" encoding="UTF-8"?>
<!-- Generated by org.testng.reporters.JUnitReportReporter -->
<testsuite skipped="0" hostname="DESKTOP-U08CU62" name="com.crxmarkets.dev.qa2.OnboardingTests" tests="2" failures="0" timestamp="17 мая 2020 03:09:36 GMT" time="37.208" errors="0">
  <testcase name="verifyManageOnboardingPage" time="19.269" classname="com.crxmarkets.dev.qa2.OnboardingTests"/>
  <testcase name="searchingCrxActionRequired" time="17.939" classname="com.crxmarkets.dev.qa2.OnboardingTests"/>
</testsuite> <!-- com.crxmarkets.dev.qa2.OnboardingTests -->
