<?xml version="1.0" encoding="UTF-8"?>
<!-- Generated by org.testng.reporters.JUnitReportReporter -->
<testsuite skipped="0" hostname="DESKTOP-U08CU62" name="com.crxmarkets.dev.qa2.ExceptionsTests" tests="5" failures="0" timestamp="17 мая 2020 03:04:50 GMT" time="57.307" errors="0">
  <testcase name="disabledElementTest" time="9.723" classname="com.crxmarkets.dev.qa2.ExceptionsTests"/>
  <testcase name="notVisibleTest" time="11.681" classname="com.crxmarkets.dev.qa2.ExceptionsTests"/>
  <testcase name="timeoutTest" time="11.429" classname="com.crxmarkets.dev.qa2.ExceptionsTests"/>
  <testcase name="noSuchElementTest" time="11.733" classname="com.crxmarkets.dev.qa2.ExceptionsTests"/>
  <testcase name="staleElementTest" time="12.741" classname="com.crxmarkets.dev.qa2.ExceptionsTests"/>
</testsuite> <!-- com.crxmarkets.dev.qa2.ExceptionsTests -->
