<?xml version="1.0" encoding="UTF-8"?>
<!-- Generated by org.testng.reporters.JUnitReportReporter -->
<testsuite skipped="0" hostname="DESKTOP-U08CU62" name="com.crxmarkets.dev.qa2.LoginTests" tests="4" failures="0" timestamp="27 апр 2020 09:26:49 GMT" time="39.050" errors="0">
  <testcase name="negativeLoginTest" time="8.986" classname="com.crxmarkets.dev.qa2.LoginTests"/>
  <testcase name="negativeLoginTest" time="11.142" classname="com.crxmarkets.dev.qa2.LoginTests"/>
  <testcase name="negativeLoginTest" time="8.472" classname="com.crxmarkets.dev.qa2.LoginTests"/>
  <testcase name="negativeLoginTest" time="10.450" classname="com.crxmarkets.dev.qa2.LoginTests"/>
</testsuite> <!-- com.crxmarkets.dev.qa2.LoginTests -->
