<?xml version="1.0" encoding="UTF-8"?>
<!-- Generated by org.testng.reporters.JUnitReportReporter -->
<testsuite skipped="0" hostname="DESKTOP-U08CU62" name="com.herokuapp.theinternet.NegativeTests" tests="4" failures="0" timestamp="27 апр 2020 09:08:31 GMT" time="47.290" errors="0">
  <testcase name="negativeTest" time="13.881" classname="com.herokuapp.theinternet.NegativeTests"/>
  <testcase name="negativeTest" time="11.630" classname="com.herokuapp.theinternet.NegativeTests"/>
  <testcase name="negativeTest" time="13.542" classname="com.herokuapp.theinternet.NegativeTests"/>
  <testcase name="negativeTest" time="8.237" classname="com.herokuapp.theinternet.NegativeTests"/>
</testsuite> <!-- com.herokuapp.theinternet.NegativeTests -->
