<?xml version="1.0" encoding="UTF-8"?>
<!-- Generated by org.testng.reporters.JUnitReportReporter -->
<testsuite skipped="0" hostname="DESKTOP-U08CU62" name="com.crxmarkets.dev.qa2.ExceptionsTest" tests="1" failures="0" timestamp="2020-04-24T07:47:11 EET" time="19.070" errors="0">
  <testcase name="notVisibleTest" time="19.070" classname="com.crxmarkets.dev.qa2.ExceptionsTest"/>
  <system-out/>
</testsuite> <!-- com.crxmarkets.dev.qa2.ExceptionsTest -->
