<?xml version="1.0" encoding="UTF-8"?>
<!-- Generated by org.testng.reporters.JUnitReportReporter -->
<testsuite skipped="0" hostname="DESKTOP-U08CU62" name="com.crxmarkets.dev.qa2.uploadtests.UploadTests" tests="1" failures="0" timestamp="10 мая 2020 11:51:12 GMT" time="30.188" errors="0">
  <testcase name="UploadSupplierProposalTest" time="30.188" classname="com.crxmarkets.dev.qa2.uploadtests.UploadTests"/>
</testsuite> <!-- com.crxmarkets.dev.qa2.uploadtests.UploadTests -->
