<?xml version="1.0" encoding="UTF-8"?>
<!-- Generated by org.testng.reporters.JUnitReportReporter -->
<testsuite skipped="0" hostname="DESKTOP-U08CU62" name="com.crxmarkets.dev.qa2.ExceptionsTests" tests="1" failures="0" timestamp="28 апр 2020 04:33:04 GMT" time="13.334" errors="0">
  <testcase name="disabledElementTest" time="13.334" classname="com.crxmarkets.dev.qa2.ExceptionsTests"/>
</testsuite> <!-- com.crxmarkets.dev.qa2.ExceptionsTests -->
