<?xml version="1.0" encoding="UTF-8"?>
<!-- Generated by org.testng.reporters.JUnitReportReporter -->
<testsuite skipped="0" hostname="DESKTOP-U08CU62" name="com.crxmarkets.dev.qa2.OnboardingTests" tests="1" failures="0" timestamp="04 мая 2020 03:15:46 GMT" time="19.190" errors="0">
  <testcase name="searchingCrxActionRequired" time="19.190" classname="com.crxmarkets.dev.qa2.OnboardingTests"/>
</testsuite> <!-- com.crxmarkets.dev.qa2.OnboardingTests -->
