<?xml version="1.0" encoding="UTF-8"?>
<!-- Generated by org.testng.reporters.JUnitReportReporter -->
<testsuite skipped="0" hostname="DESKTOP-U08CU62" name="com.crxmarkets.dev.qa2.loginpagetests.LoginTests" tests="4" failures="0" timestamp="03 мая 2020 14:26:43 GMT" time="65.976" errors="0">
  <testcase name="negativeLoginTest" time="16.285" classname="com.crxmarkets.dev.qa2.loginpagetests.LoginTests"/>
  <testcase name="negativeLoginTest" time="16.287" classname="com.crxmarkets.dev.qa2.loginpagetests.LoginTests"/>
  <testcase name="negativeLoginTest" time="16.596" classname="com.crxmarkets.dev.qa2.loginpagetests.LoginTests"/>
  <testcase name="negativeLoginTest" time="16.808" classname="com.crxmarkets.dev.qa2.loginpagetests.LoginTests"/>
</testsuite> <!-- com.crxmarkets.dev.qa2.loginpagetests.LoginTests -->
