<?xml version="1.0" encoding="UTF-8"?>
<!-- Generated by org.testng.reporters.JUnitReportReporter -->
<testsuite skipped="0" hostname="DESKTOP-U08CU62" name="com.crxmarkets.dev.qa2.ExceptionsTests" tests="1" failures="0" timestamp="01 мая 2020 04:11:27 GMT" time="10.747" errors="0">
  <testcase name="disabledElementTest" time="10.747" classname="com.crxmarkets.dev.qa2.ExceptionsTests"/>
</testsuite> <!-- com.crxmarkets.dev.qa2.ExceptionsTests -->
