<?xml version="1.0" encoding="UTF-8"?>
<!-- Generated by org.testng.reporters.JUnitReportReporter -->
<testsuite skipped="0" hostname="DESKTOP-U08CU62" name="JiraIssueTest" tests="1" failures="0" timestamp="2020-06-08T12:52:25 EET" time="3.480" errors="0">
  <testcase name="startTestDecision" time="3.480" classname="JiraIssueTest"/>
  <system-out/>
</testsuite> <!-- JiraIssueTest -->
