<?xml version="1.0" encoding="UTF-8"?>
<!-- Generated by org.testng.reporters.JUnitReportReporter -->
<testsuite skipped="0" hostname="DESKTOP-U08CU62" name="JiraIssueTest" tests="5" failures="0" timestamp="2020-06-19T06:58:32 EET" time="6.741" errors="0">
  <testcase name="automationStatusCheck" time="0.185" classname="JiraIssueTest"/>
  <system-out/>
  <testcase name="automationStatusCheck" time="0.170" classname="JiraIssueTest"/>
  <system-out/>
  <testcase name="automationStatusCheck" time="0.136" classname="JiraIssueTest"/>
  <system-out/>
  <testcase name="automationStatusCheck" time="6.092" classname="JiraIssueTest"/>
  <system-out/>
  <testcase name="automationStatusCheck" time="0.158" classname="JiraIssueTest"/>
  <system-out/>
</testsuite> <!-- JiraIssueTest -->
