<?xml version="1.0" encoding="UTF-8"?>
<!-- Generated by org.testng.reporters.JUnitReportReporter -->
<testsuite skipped="0" hostname="DESKTOP-U08CU62" name="StaticJson" tests="2" failures="0" timestamp="2020-05-30T06:18:49 EET" time="3.312" errors="0">
  <testcase name="addBook" time="2.802" classname="StaticJson"/>
  <system-out/>
  <testcase name="deleteBook" time="0.510" classname="StaticJson"/>
  <system-out/>
</testsuite> <!-- StaticJson -->
