<?xml version="1.0" encoding="UTF-8"?>
<!-- Generated by org.testng.reporters.JUnitReportReporter -->
<testsuite skipped="0" hostname="DESKTOP-U08CU62" name="files.DynamicJson" tests="2" failures="0" timestamp="2020-05-28T06:42:58 EET" time="3.339" errors="0">
  <testcase name="deleteBook" time="0.538" classname="files.DynamicJson"/>
  <system-out/>
  <testcase name="addBook" time="2.801" classname="files.DynamicJson"/>
  <system-out/>
</testsuite> <!-- files.DynamicJson -->
