<?xml version="1.0" encoding="UTF-8"?>
<!-- Generated by org.testng.reporters.JUnitReportReporter -->
<testsuite skipped="0" hostname="DESKTOP-U08CU62" name="JiraTest" tests="2" failures="0" timestamp="2020-06-01T06:48:27 EET" time="2.889" errors="0">
  <testcase name="createIssue" time="0.281" classname="JiraTest"/>
  <system-out/>
  <testcase name="createIssue" time="2.608" classname="JiraTest"/>
  <system-out/>
</testsuite> <!-- JiraTest -->
