<?xml version="1.0" encoding="UTF-8"?>
<!-- Generated by org.testng.reporters.JUnitReportReporter -->
<testsuite skipped="0" hostname="DESKTOP-U08CU62" name="JiraTest" tests="1" failures="0" timestamp="2020-05-31T07:32:54 EET" time="2.439" errors="0">
  <testcase name="createIssue" time="2.439" classname="JiraTest"/>
  <system-out/>
</testsuite> <!-- JiraTest -->
