<?xml version="1.0" encoding="UTF-8"?>
<!-- Generated by org.testng.reporters.JUnitReportReporter -->
<testsuite skipped="0" hostname="DESKTOP-U08CU62" name="JiraTest" tests="4" failures="0" timestamp="2020-06-01T07:01:45 EET" time="2.982" errors="0">
  <testcase name="createIssue" time="0.170" classname="JiraTest"/>
  <system-out/>
  <testcase name="deleteIssue" time="0.079" classname="JiraTest"/>
  <system-out/>
  <testcase name="createIssue" time="2.647" classname="JiraTest"/>
  <system-out/>
  <testcase name="deleteIssue" time="0.086" classname="JiraTest"/>
  <system-out/>
</testsuite> <!-- JiraTest -->
