<?xml version="1.0" encoding="UTF-8"?>
<!-- Generated by org.testng.reporters.JUnitReportReporter -->
<testsuite skipped="0" hostname="DESKTOP-U08CU62" name="JiraTest" tests="1" failures="0" timestamp="2020-06-03T06:56:12 EET" time="3.318" errors="0">
  <testcase name="createIssue" time="3.318" classname="JiraTest"/>
  <system-out/>
</testsuite> <!-- JiraTest -->
