<?xml version="1.0" encoding="UTF-8"?>
<!-- Generated by org.testng.reporters.JUnitReportReporter -->
<testsuite skipped="0" hostname="DESKTOP-U08CU62" name="JiraIssueTest" tests="1" failures="0" timestamp="2020-06-03T16:08:39 EET" time="6.044" errors="0">
  <testcase name="startTestDecision" time="6.044" classname="JiraIssueTest"/>
  <system-out/>
</testsuite> <!-- JiraIssueTest -->
