<?xml version="1.0" encoding="UTF-8"?>
<!-- Generated by org.testng.reporters.JUnitReportReporter -->
<testsuite skipped="0" hostname="DESKTOP-U08CU62" name="DynamicJson" tests="6" failures="0" timestamp="2020-05-30T05:57:45 EET" time="5.193" errors="0">
  <testcase name="addBook" time="2.844" classname="DynamicJson"/>
  <system-out/>
  <testcase name="deleteBook" time="0.496" classname="DynamicJson"/>
  <system-out/>
  <testcase name="addBook" time="0.479" classname="DynamicJson"/>
  <system-out/>
  <testcase name="addBook" time="0.463" classname="DynamicJson"/>
  <system-out/>
  <testcase name="deleteBook" time="0.456" classname="DynamicJson"/>
  <system-out/>
  <testcase name="deleteBook" time="0.455" classname="DynamicJson"/>
  <system-out/>
</testsuite> <!-- DynamicJson -->
