<?xml version="1.0" encoding="UTF-8"?>
<!-- Generated by org.testng.reporters.JUnitReportReporter -->
<testsuite skipped="0" hostname="DESKTOP-U08CU62" name="files.DynamicJson" tests="6" failures="0" timestamp="2020-05-30T05:46:31 EET" time="5.116" errors="0">
  <testcase name="addBook" time="2.769" classname="files.DynamicJson"/>
  <system-out/>
  <testcase name="deleteBook" time="0.483" classname="files.DynamicJson"/>
  <system-out/>
  <testcase name="addBook" time="0.473" classname="files.DynamicJson"/>
  <system-out/>
  <testcase name="addBook" time="0.466" classname="files.DynamicJson"/>
  <system-out/>
  <testcase name="deleteBook" time="0.472" classname="files.DynamicJson"/>
  <system-out/>
  <testcase name="deleteBook" time="0.453" classname="files.DynamicJson"/>
  <system-out/>
</testsuite> <!-- files.DynamicJson -->
