<?xml version="1.0" encoding="UTF-8"?>
<!-- Generated by org.testng.reporters.JUnitReportReporter -->
<testsuite skipped="0" hostname="DESKTOP-U08CU62" name="JiraIssueTest" tests="5" failures="0" timestamp="2020-06-19T06:53:56 EET" time="2.855" errors="0">
  <testcase name="automationStatusCheck" time="0.066" classname="JiraIssueTest"/>
  <system-out/>
  <testcase name="automationStatusCheck" time="0.083" classname="JiraIssueTest"/>
  <system-out/>
  <testcase name="automationStatusCheck" time="0.060" classname="JiraIssueTest"/>
  <system-out/>
  <testcase name="automationStatusCheck" time="2.585" classname="JiraIssueTest"/>
  <system-out/>
  <testcase name="automationStatusCheck" time="0.061" classname="JiraIssueTest"/>
  <system-out/>
</testsuite> <!-- JiraIssueTest -->
