<?xml version="1.0" encoding="UTF-8"?>
<!-- Generated by org.testng.reporters.JUnitReportReporter -->
<testsuite skipped="0" hostname="DESKTOP-U08CU62" name="JiraTest" tests="4" failures="0" timestamp="2020-06-02T06:05:51 EET" time="5.490" errors="0">
  <testcase name="deleteIssue" time="0.100" classname="JiraTest"/>
  <system-out/>
  <testcase name="createIssue" time="4.742" classname="JiraTest"/>
  <system-out/>
  <testcase name="createIssue" time="0.297" classname="JiraTest"/>
  <system-out/>
  <testcase name="deleteIssue" time="0.351" classname="JiraTest"/>
  <system-out/>
</testsuite> <!-- JiraTest -->
