<?xml version="1.0" encoding="UTF-8"?>
<!-- Generated by org.testng.reporters.JUnitReportReporter -->
<testsuite skipped="0" hostname="DESKTOP-U08CU62" name="JiraTest" tests="4" failures="0" timestamp="2020-05-31T13:23:22 EET" time="2.649" errors="0">
  <testcase name="createIssue" time="2.381" classname="JiraTest"/>
  <system-out/>
  <testcase name="deleteIssue" time="0.075" classname="JiraTest"/>
  <system-out/>
  <testcase name="createIssue" time="0.127" classname="JiraTest"/>
  <system-out/>
  <testcase name="deleteIssue" time="0.066" classname="JiraTest"/>
  <system-out/>
</testsuite> <!-- JiraTest -->
