<?xml version="1.0" encoding="UTF-8"?>
<!-- Generated by org.testng.reporters.JUnitReportReporter -->
<testsuite skipped="0" hostname="DESKTOP-U08CU62" name="com.crxmarkets.dev.qa2.NegativeTests" tests="1" failures="0" timestamp="2020-04-22T10:50:34 EET" time="10.951" errors="0">
  <testcase name="incorrectUsernameTest" time="10.951" classname="com.crxmarkets.dev.qa2.NegativeTests"/>
  <system-out/>
</testsuite> <!-- com.crxmarkets.dev.qa2.NegativeTests -->
