<?xml version="1.0" encoding="UTF-8"?>
<!-- Generated by org.testng.reporters.JUnitReportReporter -->
<testsuite skipped="0" hostname="DESKTOP-U08CU62" name="com.crxmarkets.dev.qa2.ExceptionsTests" tests="1" failures="0" timestamp="2020-04-25T07:25:38 EET" time="15.824" errors="0">
  <testcase name="disabledElementTest" time="15.824" classname="com.crxmarkets.dev.qa2.ExceptionsTests"/>
  <system-out/>
</testsuite> <!-- com.crxmarkets.dev.qa2.ExceptionsTests -->
