<?xml version="1.0" encoding="UTF-8"?>
<!-- Generated by org.testng.reporters.JUnitReportReporter -->
<testsuite skipped="0" hostname="DESKTOP-U08CU62" name="com.crxmarkets.dev.qa2.PositiveTests" tests="1" failures="0" timestamp="2020-04-22T10:51:01 EET" time="12.666" errors="0">
  <testcase name="loginTest" time="12.666" classname="com.crxmarkets.dev.qa2.PositiveTests"/>
  <system-out/>
</testsuite> <!-- com.crxmarkets.dev.qa2.PositiveTests -->
