<?xml version="1.0" encoding="UTF-8"?>
<!-- Generated by org.testng.reporters.JUnitReportReporter -->
<testsuite skipped="0" hostname="DESKTOP-U08CU62" name="com.crxmarkets.dev.qa2.NegativeTests" tests="2" failures="0" timestamp="2020-04-23T11:21:37 EET" time="34.865" errors="0">
  <testcase name="negativeLoginTest" time="11.368" classname="com.crxmarkets.dev.qa2.NegativeTests"/>
  <system-out/>
  <testcase name="negativeLoginTest" time="23.497" classname="com.crxmarkets.dev.qa2.NegativeTests"/>
  <system-out/>
</testsuite> <!-- com.crxmarkets.dev.qa2.NegativeTests -->
