<?xml version="1.0" encoding="UTF-8"?>
<!-- Generated by org.testng.reporters.JUnitReportReporter -->
<testsuite skipped="0" hostname="DESKTOP-U08CU62" name="com.crxmarkets.dev.qa2.ExceptionsTests" tests="1" failures="0" timestamp="2020-04-27T12:10:48 EET" time="13.541" errors="0">
  <testcase name="disabledElementTest" time="13.541" classname="com.crxmarkets.dev.qa2.ExceptionsTests"/>
  <system-out/>
</testsuite> <!-- com.crxmarkets.dev.qa2.ExceptionsTests -->
