<?xml version="1.0" encoding="UTF-8"?>
<!-- Generated by org.testng.reporters.JUnitReportReporter -->
<testsuite skipped="0" hostname="DESKTOP-U08CU62" name="com.crxmarkets.dev.qa2.LoginTests" tests="3" failures="0" timestamp="2020-04-23T11:35:23 EET" time="52.345" errors="0">
  <testcase name="PositiveLoginTest" time="18.352" classname="com.crxmarkets.dev.qa2.LoginTests"/>
  <system-out/>
  <testcase name="negativeLoginTest" time="23.128" classname="com.crxmarkets.dev.qa2.LoginTests"/>
  <system-out/>
  <testcase name="negativeLoginTest" time="10.865" classname="com.crxmarkets.dev.qa2.LoginTests"/>
  <system-out/>
</testsuite> <!-- com.crxmarkets.dev.qa2.LoginTests -->
