<?xml version="1.0" encoding="UTF-8"?>
<!-- Generated by org.testng.reporters.JUnitReportReporter -->
<testsuite skipped="0" hostname="DESKTOP-U08CU62" name="remoteTestin.DockerValidatio.chromeTest1" tests="1" failures="0" timestamp="2020-04-14T07:22:41 EET" time="48.057" errors="0">
  <testcase name="test1" time="48.057" classname="remoteTestin.DockerValidatio.chromeTest1"/>
</testsuite> <!-- remoteTestin.DockerValidatio.chromeTest1 -->
